<?xml version="1.0" encoding="UTF-8"?>
<!-- Generated by org.testng.reporters.JUnitReportReporter -->
<testsuite hostname="LUK-JW8G5H2" failures="0" tests="4" name="Hooks.TestRunner" time="19.437" errors="0" timestamp="07 Feb 2019 19:38:28 GMT" skipped="0">
  <testcase classname="Hooks.TestRunner" name="runScenario" time="4.478"/>
  <testcase classname="Hooks.TestRunner" name="runScenario" time="3.956"/>
  <testcase classname="Hooks.TestRunner" name="runScenario" time="6.747"/>
  <testcase classname="Hooks.TestRunner" name="runScenario" time="4.256"/>
</testsuite> <!-- Hooks.TestRunner -->
