<?xml version="1.0" encoding="UTF-8"?>
<!-- Generated by org.testng.reporters.JUnitReportReporter -->
<testsuite hostname="DESKTOP-C8D3UUN" failures="0" tests="4" name="Hooks.TestRunner" time="13.205" errors="0" timestamp="14 Mar 2019 11:28:58 GMT" skipped="0">
  <testcase classname="Hooks.TestRunner" name="runScenario" time="6.741"/>
  <testcase classname="Hooks.TestRunner" name="runScenario" time="2.106"/>
  <testcase classname="Hooks.TestRunner" name="runScenario" time="2.230"/>
  <testcase classname="Hooks.TestRunner" name="runScenario" time="2.128"/>
</testsuite> <!-- Hooks.TestRunner -->
